#
# There is insufficient memory for the Java Runtime Environment to continue.
# Native memory allocation (malloc) failed to allocate 39424 bytes for Chunk::new
# Possible reasons:
#   The system is out of physical RAM or swap space
#   The process is running with CompressedOops enabled, and the Java Heap may be blocking the growth of the native heap
# Possible solutions:
#   Reduce memory load on the system
#   Increase physical memory or swap space
#   Check if swap backing store is full
#   Decrease Java heap size (-Xmx/-Xms)
#   Decrease number of Java threads
#   Decrease Java thread stack sizes (-Xss)
#   Set larger code cache with -XX:ReservedCodeCacheSize=
#   JVM is running with Unscaled Compressed Oops mode in which the Java heap is
#     placed in the first 4GB address space. The Java Heap base address is the
#     maximum limit for the native heap growth. Please use -XX:HeapBaseMinAddress
#     to set the Java Heap base and to place the Java Heap above 4GB virtual address.
# This output file may be truncated or incomplete.
#
#  Out of Memory Error (./open/src/hotspot/share/memory/arena.cpp:195), pid=19384, tid=15624
#
# JRE version: Java(TM) SE Runtime Environment (14.0.2+12) (build 14.0.2+12-46)
# Java VM: Java HotSpot(TM) 64-Bit Server VM (14.0.2+12-46, mixed mode, sharing, tiered, compressed oops, g1 gc, windows-amd64)
# No core dump will be written. Minidumps are not enabled by default on client versions of Windows
#

---------------  S U M M A R Y ------------

Command Line: -agentlib:jdwp=transport=dt_socket,address=127.0.0.1:51367,suspend=y,server=n -XX:TieredStopAtLevel=1 -Xverify:none -Dspring.output.ansi.enabled=always -Dcom.sun.management.jmxremote -Dspring.jmx.enabled=true -Dspring.liveBeansView.mbeanDomain -Dspring.application.admin.enabled=true -javaagent:C:\Users\Azat\AppData\Local\JetBrains\IntelliJIdea2020.1\captureAgent\debugger-agent.jar -Dfile.encoding=UTF-8 kz.special3.specialSecurity3.SpecialSecurity3Application

Host: Intel(R) Core(TM) i5-10300H CPU @ 2.50GHz, 8 cores, 7G,  Windows 10 , 64 bit Build 19041 (10.0.19041.928)
Time: Wed May 12 01:03:18 2021 RTZ 2 (зима) elapsed time: 1 seconds (0d 0h 0m 1s)

---------------  T H R E A D  ---------------

Current thread (0x000002a720680000):  JavaThread "main" [_thread_in_vm, id=15624, stack(0x000000c47b600000,0x000000c47b700000)]

Stack: [0x000000c47b600000,0x000000c47b700000]
Native frames: (J=compiled Java code, j=interpreted, Vv=VM code, C=native code)
V  [jvm.dll+0x5f8a9a]
V  [jvm.dll+0x74247a]
V  [jvm.dll+0x743c2f]
V  [jvm.dll+0x744273]
V  [jvm.dll+0x20d288]
V  [jvm.dll+0xabb07]
V  [jvm.dll+0xac1fc]
V  [jvm.dll+0x1c38f3]
V  [jvm.dll+0x28a0cb]
V  [jvm.dll+0x4d31da]
V  [jvm.dll+0x6cc1f1]
V  [jvm.dll+0x6cbe02]
V  [jvm.dll+0x6cd469]
V  [jvm.dll+0x6cd97d]
V  [jvm.dll+0x6cd7c3]
V  [jvm.dll+0x206e08]
V  [jvm.dll+0x336131]
C  0x000002a728e4f5e3

Java frames: (J=compiled Java code, j=interpreted, Vv=VM code)
j  java.util.concurrent.ConcurrentSkipListSet.<init>()V+5 java.base@14.0.2
j  java.net.InetAddress.<clinit>()V+106 java.base@14.0.2
v  ~StubRoutines::call_stub
j  sun.management.jmxremote.ConnectorBootstrap.startLocalConnectorServer()Ljavax/management/remote/JMXConnectorServer;+60 jdk.management.agent@14.0.2
j  jdk.internal.agent.Agent.startLocalManagementAgent()V+13 jdk.management.agent@14.0.2
j  jdk.internal.agent.Agent.startAgent(Ljava/util/Properties;)V+58 jdk.management.agent@14.0.2
j  jdk.internal.agent.Agent.startAgent()V+20 jdk.management.agent@14.0.2
v  ~StubRoutines::call_stub

---------------  P R O C E S S  ---------------

Threads class SMR info:
_java_thread_list=0x000002a74010a270, length=13, elements={
0x000002a720680000, 0x000002a73f64c000, 0x000002a73f64f800, 0x000002a73f66e000,
0x000002a73f671800, 0x000002a73f673000, 0x000002a73f679000, 0x000002a73f67a800,
0x000002a73f631000, 0x000002a7400c8800, 0x000002a7400e9000, 0x000002a7400ee000,
0x000002a74044a800
}

Java Threads: ( => current thread )
=>0x000002a720680000 JavaThread "main" [_thread_in_vm, id=15624, stack(0x000000c47b600000,0x000000c47b700000)]
  0x000002a73f64c000 JavaThread "Reference Handler" daemon [_thread_blocked, id=12128, stack(0x000000c47bd00000,0x000000c47be00000)]
  0x000002a73f64f800 JavaThread "Finalizer" daemon [_thread_blocked, id=17304, stack(0x000000c47be00000,0x000000c47bf00000)]
  0x000002a73f66e000 JavaThread "Signal Dispatcher" daemon [_thread_blocked, id=16512, stack(0x000000c47bf00000,0x000000c47c000000)]
  0x000002a73f671800 JavaThread "Attach Listener" daemon [_thread_blocked, id=9468, stack(0x000000c47c000000,0x000000c47c100000)]
  0x000002a73f673000 JavaThread "Service Thread" daemon [_thread_blocked, id=10904, stack(0x000000c47c100000,0x000000c47c200000)]
  0x000002a73f679000 JavaThread "C1 CompilerThread0" daemon [_thread_blocked, id=15448, stack(0x000000c47c200000,0x000000c47c300000)]
  0x000002a73f67a800 JavaThread "Sweeper thread" daemon [_thread_blocked, id=9036, stack(0x000000c47c300000,0x000000c47c400000)]
  0x000002a73f631000 JavaThread "Common-Cleaner" daemon [_thread_blocked, id=540, stack(0x000000c47c400000,0x000000c47c500000)]
  0x000002a7400c8800 JavaThread "JDWP Transport Listener: dt_socket" daemon [_thread_blocked, id=15452, stack(0x000000c47c500000,0x000000c47c600000)]
  0x000002a7400e9000 JavaThread "JDWP Event Helper Thread" daemon [_thread_blocked, id=15004, stack(0x000000c47c600000,0x000000c47c700000)]
  0x000002a7400ee000 JavaThread "JDWP Command Reader" daemon [_thread_in_native, id=11444, stack(0x000000c47c700000,0x000000c47c800000)]
  0x000002a74044a800 JavaThread "Notification Thread" daemon [_thread_blocked, id=13684, stack(0x000000c47c800000,0x000000c47c900000)]

Other Threads:
  0x000002a73f64a800 VMThread "VM Thread" [stack: 0x000000c47bc00000,0x000000c47bd00000] [id=17512]
  0x000002a7206bb800 GCTaskThread "GC Thread#0" [stack: 0x000000c47b700000,0x000000c47b800000] [id=9260]
  0x000002a7206cd800 ConcurrentGCThread "G1 Main Marker" [stack: 0x000000c47b800000,0x000000c47b900000] [id=12716]
  0x000002a7206cf800 ConcurrentGCThread "G1 Conc#0" [stack: 0x000000c47b900000,0x000000c47ba00000] [id=15532]
  0x000002a73f4c1800 ConcurrentGCThread "G1 Refine#0" [stack: 0x000000c47ba00000,0x000000c47bb00000] [id=4668]
  0x000002a72074c000 ConcurrentGCThread "G1 Young RemSet Sampling" [stack: 0x000000c47bb00000,0x000000c47bc00000] [id=2252]

Threads with active compile tasks:

VM state:not at safepoint (normal execution)

VM Mutex/Monitor currently owned by a thread: None

Heap address: 0x0000000082000000, size: 2016 MB, Compressed Oops mode: 32-bit
Narrow klass base: 0x0000000800000000, Narrow klass shift: 3
Compressed class space size: 1073741824 Address: 0x0000000800b30000

Heap:
 garbage-first heap   total 129024K, used 7168K [0x0000000082000000, 0x0000000100000000)
  region size 1024K, 8 young (8192K), 0 survivors (0K)
 Metaspace       used 655K, capacity 4598K, committed 4864K, reserved 1056768K
  class space    used 68K, capacity 406K, committed 512K, reserved 1048576K
Heap Regions: E=young(eden), S=young(survivor), O=old, HS=humongous(starts), HC=humongous(continues), CS=collection set, F=free, OA=open archive, CA=closed archive, TAMS=top-at-mark-start (previous, next)
|   0|0x0000000082000000, 0x0000000082100000, 0x0000000082100000|100%|HS|  |TAMS 0x0000000082000000, 0x0000000082000000| Complete 
|   1|0x0000000082100000, 0x0000000082100000, 0x0000000082200000|  0%| F|  |TAMS 0x0000000082100000, 0x0000000082100000| Untracked 
|   2|0x0000000082200000, 0x0000000082200000, 0x0000000082300000|  0%| F|  |TAMS 0x0000000082200000, 0x0000000082200000| Untracked 
|   3|0x0000000082300000, 0x0000000082300000, 0x0000000082400000|  0%| F|  |TAMS 0x0000000082300000, 0x0000000082300000| Untracked 
|   4|0x0000000082400000, 0x0000000082400000, 0x0000000082500000|  0%| F|  |TAMS 0x0000000082400000, 0x0000000082400000| Untracked 
|   5|0x0000000082500000, 0x0000000082500000, 0x0000000082600000|  0%| F|  |TAMS 0x0000000082500000, 0x0000000082500000| Untracked 
|   6|0x0000000082600000, 0x0000000082600000, 0x0000000082700000|  0%| F|  |TAMS 0x0000000082600000, 0x0000000082600000| Untracked 
|   7|0x0000000082700000, 0x0000000082700000, 0x0000000082800000|  0%| F|  |TAMS 0x0000000082700000, 0x0000000082700000| Untracked 
|   8|0x0000000082800000, 0x0000000082800000, 0x0000000082900000|  0%| F|  |TAMS 0x0000000082800000, 0x0000000082800000| Untracked 
|   9|0x0000000082900000, 0x0000000082900000, 0x0000000082a00000|  0%| F|  |TAMS 0x0000000082900000, 0x0000000082900000| Untracked 
|  10|0x0000000082a00000, 0x0000000082a00000, 0x0000000082b00000|  0%| F|  |TAMS 0x0000000082a00000, 0x0000000082a00000| Untracked 
|  11|0x0000000082b00000, 0x0000000082b00000, 0x0000000082c00000|  0%| F|  |TAMS 0x0000000082b00000, 0x0000000082b00000| Untracked 
|  12|0x0000000082c00000, 0x0000000082c00000, 0x0000000082d00000|  0%| F|  |TAMS 0x0000000082c00000, 0x0000000082c00000| Untracked 
|  13|0x0000000082d00000, 0x0000000082d00000, 0x0000000082e00000|  0%| F|  |TAMS 0x0000000082d00000, 0x0000000082d00000| Untracked 
|  14|0x0000000082e00000, 0x0000000082e00000, 0x0000000082f00000|  0%| F|  |TAMS 0x0000000082e00000, 0x0000000082e00000| Untracked 
|  15|0x0000000082f00000, 0x0000000082f00000, 0x0000000083000000|  0%| F|  |TAMS 0x0000000082f00000, 0x0000000082f00000| Untracked 
|  16|0x0000000083000000, 0x0000000083000000, 0x0000000083100000|  0%| F|  |TAMS 0x0000000083000000, 0x0000000083000000| Untracked 
|  17|0x0000000083100000, 0x0000000083100000, 0x0000000083200000|  0%| F|  |TAMS 0x0000000083100000, 0x0000000083100000| Untracked 
|  18|0x0000000083200000, 0x0000000083200000, 0x0000000083300000|  0%| F|  |TAMS 0x0000000083200000, 0x0000000083200000| Untracked 
|  19|0x0000000083300000, 0x0000000083300000, 0x0000000083400000|  0%| F|  |TAMS 0x0000000083300000, 0x0000000083300000| Untracked 
|  20|0x0000000083400000, 0x0000000083400000, 0x0000000083500000|  0%| F|  |TAMS 0x0000000083400000, 0x0000000083400000| Untracked 
|  21|0x0000000083500000, 0x0000000083500000, 0x0000000083600000|  0%| F|  |TAMS 0x0000000083500000, 0x0000000083500000| Untracked 
|  22|0x0000000083600000, 0x0000000083600000, 0x0000000083700000|  0%| F|  |TAMS 0x0000000083600000, 0x0000000083600000| Untracked 
|  23|0x0000000083700000, 0x0000000083700000, 0x0000000083800000|  0%| F|  |TAMS 0x0000000083700000, 0x0000000083700000| Untracked 
|  24|0x0000000083800000, 0x0000000083800000, 0x0000000083900000|  0%| F|  |TAMS 0x0000000083800000, 0x0000000083800000| Untracked 
|  25|0x0000000083900000, 0x0000000083900000, 0x0000000083a00000|  0%| F|  |TAMS 0x0000000083900000, 0x0000000083900000| Untracked 
|  26|0x0000000083a00000, 0x0000000083a00000, 0x0000000083b00000|  0%| F|  |TAMS 0x0000000083a00000, 0x0000000083a00000| Untracked 
|  27|0x0000000083b00000, 0x0000000083b00000, 0x0000000083c00000|  0%| F|  |TAMS 0x0000000083b00000, 0x0000000083b00000| Untracked 
|  28|0x0000000083c00000, 0x0000000083c00000, 0x0000000083d00000|  0%| F|  |TAMS 0x0000000083c00000, 0x0000000083c00000| Untracked 
|  29|0x0000000083d00000, 0x0000000083d00000, 0x0000000083e00000|  0%| F|  |TAMS 0x0000000083d00000, 0x0000000083d00000| Untracked 
|  30|0x0000000083e00000, 0x0000000083e00000, 0x0000000083f00000|  0%| F|  |TAMS 0x0000000083e00000, 0x0000000083e00000| Untracked 
|  31|0x0000000083f00000, 0x0000000083f00000, 0x0000000084000000|  0%| F|  |TAMS 0x0000000083f00000, 0x0000000083f00000| Untracked 
|  32|0x0000000084000000, 0x0000000084000000, 0x0000000084100000|  0%| F|  |TAMS 0x0000000084000000, 0x0000000084000000| Untracked 
|  33|0x0000000084100000, 0x0000000084100000, 0x0000000084200000|  0%| F|  |TAMS 0x0000000084100000, 0x0000000084100000| Untracked 
|  34|0x0000000084200000, 0x0000000084200000, 0x0000000084300000|  0%| F|  |TAMS 0x0000000084200000, 0x0000000084200000| Untracked 
|  35|0x0000000084300000, 0x0000000084300000, 0x0000000084400000|  0%| F|  |TAMS 0x0000000084300000, 0x0000000084300000| Untracked 
|  36|0x0000000084400000, 0x0000000084400000, 0x0000000084500000|  0%| F|  |TAMS 0x0000000084400000, 0x0000000084400000| Untracked 
|  37|0x0000000084500000, 0x0000000084500000, 0x0000000084600000|  0%| F|  |TAMS 0x0000000084500000, 0x0000000084500000| Untracked 
|  38|0x0000000084600000, 0x0000000084600000, 0x0000000084700000|  0%| F|  |TAMS 0x0000000084600000, 0x0000000084600000| Untracked 
|  39|0x0000000084700000, 0x0000000084700000, 0x0000000084800000|  0%| F|  |TAMS 0x0000000084700000, 0x0000000084700000| Untracked 
|  40|0x0000000084800000, 0x0000000084800000, 0x0000000084900000|  0%| F|  |TAMS 0x0000000084800000, 0x0000000084800000| Untracked 
|  41|0x0000000084900000, 0x0000000084900000, 0x0000000084a00000|  0%| F|  |TAMS 0x0000000084900000, 0x0000000084900000| Untracked 
|  42|0x0000000084a00000, 0x0000000084a00000, 0x0000000084b00000|  0%| F|  |TAMS 0x0000000084a00000, 0x0000000084a00000| Untracked 
|  43|0x0000000084b00000, 0x0000000084b00000, 0x0000000084c00000|  0%| F|  |TAMS 0x0000000084b00000, 0x0000000084b00000| Untracked 
|  44|0x0000000084c00000, 0x0000000084c00000, 0x0000000084d00000|  0%| F|  |TAMS 0x0000000084c00000, 0x0000000084c00000| Untracked 
|  45|0x0000000084d00000, 0x0000000084d00000, 0x0000000084e00000|  0%| F|  |TAMS 0x0000000084d00000, 0x0000000084d00000| Untracked 
|  46|0x0000000084e00000, 0x0000000084e00000, 0x0000000084f00000|  0%| F|  |TAMS 0x0000000084e00000, 0x0000000084e00000| Untracked 
|  47|0x0000000084f00000, 0x0000000084f00000, 0x0000000085000000|  0%| F|  |TAMS 0x0000000084f00000, 0x0000000084f00000| Untracked 
|  48|0x0000000085000000, 0x0000000085000000, 0x0000000085100000|  0%| F|  |TAMS 0x0000000085000000, 0x0000000085000000| Untracked 
|  49|0x0000000085100000, 0x0000000085100000, 0x0000000085200000|  0%| F|  |TAMS 0x0000000085100000, 0x0000000085100000| Untracked 
|  50|0x0000000085200000, 0x0000000085200000, 0x0000000085300000|  0%| F|  |TAMS 0x0000000085200000, 0x0000000085200000| Untracked 
|  51|0x0000000085300000, 0x0000000085300000, 0x0000000085400000|  0%| F|  |TAMS 0x0000000085300000, 0x0000000085300000| Untracked 
|  52|0x0000000085400000, 0x0000000085400000, 0x0000000085500000|  0%| F|  |TAMS 0x0000000085400000, 0x0000000085400000| Untracked 
|  53|0x0000000085500000, 0x0000000085500000, 0x0000000085600000|  0%| F|  |TAMS 0x0000000085500000, 0x0000000085500000| Untracked 
|  54|0x0000000085600000, 0x0000000085600000, 0x0000000085700000|  0%| F|  |TAMS 0x0000000085600000, 0x0000000085600000| Untracked 
|  55|0x0000000085700000, 0x0000000085700000, 0x0000000085800000|  0%| F|  |TAMS 0x0000000085700000, 0x0000000085700000| Untracked 
|  56|0x0000000085800000, 0x0000000085800000, 0x0000000085900000|  0%| F|  |TAMS 0x0000000085800000, 0x0000000085800000| Untracked 
|  57|0x0000000085900000, 0x0000000085900000, 0x0000000085a00000|  0%| F|  |TAMS 0x0000000085900000, 0x0000000085900000| Untracked 
|  58|0x0000000085a00000, 0x0000000085a00000, 0x0000000085b00000|  0%| F|  |TAMS 0x0000000085a00000, 0x0000000085a00000| Untracked 
|  59|0x0000000085b00000, 0x0000000085b00000, 0x0000000085c00000|  0%| F|  |TAMS 0x0000000085b00000, 0x0000000085b00000| Untracked 
|  60|0x0000000085c00000, 0x0000000085c00000, 0x0000000085d00000|  0%| F|  |TAMS 0x0000000085c00000, 0x0000000085c00000| Untracked 
|  61|0x0000000085d00000, 0x0000000085d00000, 0x0000000085e00000|  0%| F|  |TAMS 0x0000000085d00000, 0x0000000085d00000| Untracked 
|  62|0x0000000085e00000, 0x0000000085e00000, 0x0000000085f00000|  0%| F|  |TAMS 0x0000000085e00000, 0x0000000085e00000| Untracked 
|  63|0x0000000085f00000, 0x0000000085f00000, 0x0000000086000000|  0%| F|  |TAMS 0x0000000085f00000, 0x0000000085f00000| Untracked 
|  64|0x0000000086000000, 0x0000000086000000, 0x0000000086100000|  0%| F|  |TAMS 0x0000000086000000, 0x0000000086000000| Untracked 
|  65|0x0000000086100000, 0x0000000086100000, 0x0000000086200000|  0%| F|  |TAMS 0x0000000086100000, 0x0000000086100000| Untracked 
|  66|0x0000000086200000, 0x0000000086200000, 0x0000000086300000|  0%| F|  |TAMS 0x0000000086200000, 0x0000000086200000| Untracked 
|  67|0x0000000086300000, 0x0000000086300000, 0x0000000086400000|  0%| F|  |TAMS 0x0000000086300000, 0x0000000086300000| Untracked 
|  68|0x0000000086400000, 0x0000000086400000, 0x0000000086500000|  0%| F|  |TAMS 0x0000000086400000, 0x0000000086400000| Untracked 
|  69|0x0000000086500000, 0x0000000086500000, 0x0000000086600000|  0%| F|  |TAMS 0x0000000086500000, 0x0000000086500000| Untracked 
|  70|0x0000000086600000, 0x0000000086600000, 0x0000000086700000|  0%| F|  |TAMS 0x0000000086600000, 0x0000000086600000| Untracked 
|  71|0x0000000086700000, 0x0000000086700000, 0x0000000086800000|  0%| F|  |TAMS 0x0000000086700000, 0x0000000086700000| Untracked 
|  72|0x0000000086800000, 0x0000000086800000, 0x0000000086900000|  0%| F|  |TAMS 0x0000000086800000, 0x0000000086800000| Untracked 
|  73|0x0000000086900000, 0x0000000086900000, 0x0000000086a00000|  0%| F|  |TAMS 0x0000000086900000, 0x0000000086900000| Untracked 
|  74|0x0000000086a00000, 0x0000000086a00000, 0x0000000086b00000|  0%| F|  |TAMS 0x0000000086a00000, 0x0000000086a00000| Untracked 
|  75|0x0000000086b00000, 0x0000000086b00000, 0x0000000086c00000|  0%| F|  |TAMS 0x0000000086b00000, 0x0000000086b00000| Untracked 
|  76|0x0000000086c00000, 0x0000000086c00000, 0x0000000086d00000|  0%| F|  |TAMS 0x0000000086c00000, 0x0000000086c00000| Untracked 
|  77|0x0000000086d00000, 0x0000000086d00000, 0x0000000086e00000|  0%| F|  |TAMS 0x0000000086d00000, 0x0000000086d00000| Untracked 
|  78|0x0000000086e00000, 0x0000000086e00000, 0x0000000086f00000|  0%| F|  |TAMS 0x0000000086e00000, 0x0000000086e00000| Untracked 
|  79|0x0000000086f00000, 0x0000000086f00000, 0x0000000087000000|  0%| F|  |TAMS 0x0000000086f00000, 0x0000000086f00000| Untracked 
|  80|0x0000000087000000, 0x0000000087000000, 0x0000000087100000|  0%| F|  |TAMS 0x0000000087000000, 0x0000000087000000| Untracked 
|  81|0x0000000087100000, 0x0000000087100000, 0x0000000087200000|  0%| F|  |TAMS 0x0000000087100000, 0x0000000087100000| Untracked 
|  82|0x0000000087200000, 0x0000000087200000, 0x0000000087300000|  0%| F|  |TAMS 0x0000000087200000, 0x0000000087200000| Untracked 
|  83|0x0000000087300000, 0x0000000087300000, 0x0000000087400000|  0%| F|  |TAMS 0x0000000087300000, 0x0000000087300000| Untracked 
|  84|0x0000000087400000, 0x0000000087400000, 0x0000000087500000|  0%| F|  |TAMS 0x0000000087400000, 0x0000000087400000| Untracked 
|  85|0x0000000087500000, 0x0000000087500000, 0x0000000087600000|  0%| F|  |TAMS 0x0000000087500000, 0x0000000087500000| Untracked 
|  86|0x0000000087600000, 0x0000000087600000, 0x0000000087700000|  0%| F|  |TAMS 0x0000000087600000, 0x0000000087600000| Untracked 
|  87|0x0000000087700000, 0x0000000087700000, 0x0000000087800000|  0%| F|  |TAMS 0x0000000087700000, 0x0000000087700000| Untracked 
|  88|0x0000000087800000, 0x0000000087800000, 0x0000000087900000|  0%| F|  |TAMS 0x0000000087800000, 0x0000000087800000| Untracked 
|  89|0x0000000087900000, 0x0000000087900000, 0x0000000087a00000|  0%| F|  |TAMS 0x0000000087900000, 0x0000000087900000| Untracked 
|  90|0x0000000087a00000, 0x0000000087a00000, 0x0000000087b00000|  0%| F|  |TAMS 0x0000000087a00000, 0x0000000087a00000| Untracked 
|  91|0x0000000087b00000, 0x0000000087b00000, 0x0000000087c00000|  0%| F|  |TAMS 0x0000000087b00000, 0x0000000087b00000| Untracked 
|  92|0x0000000087c00000, 0x0000000087c00000, 0x0000000087d00000|  0%| F|  |TAMS 0x0000000087c00000, 0x0000000087c00000| Untracked 
|  93|0x0000000087d00000, 0x0000000087d00000, 0x0000000087e00000|  0%| F|  |TAMS 0x0000000087d00000, 0x0000000087d00000| Untracked 
|  94|0x0000000087e00000, 0x0000000087e00000, 0x0000000087f00000|  0%| F|  |TAMS 0x0000000087e00000, 0x0000000087e00000| Untracked 
|  95|0x0000000087f00000, 0x0000000087f00000, 0x0000000088000000|  0%| F|  |TAMS 0x0000000087f00000, 0x0000000087f00000| Untracked 
|  96|0x0000000088000000, 0x0000000088000000, 0x0000000088100000|  0%| F|  |TAMS 0x0000000088000000, 0x0000000088000000| Untracked 
|  97|0x0000000088100000, 0x0000000088100000, 0x0000000088200000|  0%| F|  |TAMS 0x0000000088100000, 0x0000000088100000| Untracked 
|  98|0x0000000088200000, 0x0000000088200000, 0x0000000088300000|  0%| F|  |TAMS 0x0000000088200000, 0x0000000088200000| Untracked 
|  99|0x0000000088300000, 0x0000000088300000, 0x0000000088400000|  0%| F|  |TAMS 0x0000000088300000, 0x0000000088300000| Untracked 
| 100|0x0000000088400000, 0x0000000088400000, 0x0000000088500000|  0%| F|  |TAMS 0x0000000088400000, 0x0000000088400000| Untracked 
| 101|0x0000000088500000, 0x0000000088500000, 0x0000000088600000|  0%| F|  |TAMS 0x0000000088500000, 0x0000000088500000| Untracked 
| 102|0x0000000088600000, 0x0000000088600000, 0x0000000088700000|  0%| F|  |TAMS 0x0000000088600000, 0x0000000088600000| Untracked 
| 103|0x0000000088700000, 0x0000000088700000, 0x0000000088800000|  0%| F|  |TAMS 0x0000000088700000, 0x0000000088700000| Untracked 
| 104|0x0000000088800000, 0x0000000088800000, 0x0000000088900000|  0%| F|  |TAMS 0x0000000088800000, 0x0000000088800000| Untracked 
| 105|0x0000000088900000, 0x0000000088900000, 0x0000000088a00000|  0%| F|  |TAMS 0x0000000088900000, 0x0000000088900000| Untracked 
| 106|0x0000000088a00000, 0x0000000088a00000, 0x0000000088b00000|  0%| F|  |TAMS 0x0000000088a00000, 0x0000000088a00000| Untracked 
| 107|0x0000000088b00000, 0x0000000088b00000, 0x0000000088c00000|  0%| F|  |TAMS 0x0000000088b00000, 0x0000000088b00000| Untracked 
| 108|0x0000000088c00000, 0x0000000088c00000, 0x0000000088d00000|  0%| F|  |TAMS 0x0000000088c00000, 0x0000000088c00000| Untracked 
| 109|0x0000000088d00000, 0x0000000088d00000, 0x0000000088e00000|  0%| F|  |TAMS 0x0000000088d00000, 0x0000000088d00000| Untracked 
| 110|0x0000000088e00000, 0x0000000088e00000, 0x0000000088f00000|  0%| F|  |TAMS 0x0000000088e00000, 0x0000000088e00000| Untracked 
| 111|0x0000000088f00000, 0x0000000088f00000, 0x0000000089000000|  0%| F|  |TAMS 0x0000000088f00000, 0x0000000088f00000| Untracked 
| 112|0x0000000089000000, 0x0000000089000000, 0x0000000089100000|  0%| F|  |TAMS 0x0000000089000000, 0x0000000089000000| Untracked 
| 113|0x0000000089100000, 0x0000000089100000, 0x0000000089200000|  0%| F|  |TAMS 0x0000000089100000, 0x0000000089100000| Untracked 
| 114|0x0000000089200000, 0x0000000089200000, 0x0000000089300000|  0%| F|  |TAMS 0x0000000089200000, 0x0000000089200000| Untracked 
| 115|0x0000000089300000, 0x0000000089300000, 0x0000000089400000|  0%| F|  |TAMS 0x0000000089300000, 0x0000000089300000| Untracked 
| 116|0x0000000089400000, 0x0000000089400000, 0x0000000089500000|  0%| F|  |TAMS 0x0000000089400000, 0x0000000089400000| Untracked 
| 117|0x0000000089500000, 0x0000000089500000, 0x0000000089600000|  0%| F|  |TAMS 0x0000000089500000, 0x0000000089500000| Untracked 
| 118|0x0000000089600000, 0x00000000896777d8, 0x0000000089700000| 46%| E|  |TAMS 0x0000000089600000, 0x0000000089600000| Complete 
| 119|0x0000000089700000, 0x0000000089800000, 0x0000000089800000|100%| E|CS|TAMS 0x0000000089700000, 0x0000000089700000| Complete 
| 120|0x0000000089800000, 0x0000000089900000, 0x0000000089900000|100%| E|  |TAMS 0x0000000089800000, 0x0000000089800000| Complete 
| 121|0x0000000089900000, 0x0000000089a00000, 0x0000000089a00000|100%| E|CS|TAMS 0x0000000089900000, 0x0000000089900000| Complete 
| 122|0x0000000089a00000, 0x0000000089b00000, 0x0000000089b00000|100%| E|CS|TAMS 0x0000000089a00000, 0x0000000089a00000| Complete 
| 123|0x0000000089b00000, 0x0000000089c00000, 0x0000000089c00000|100%| E|CS|TAMS 0x0000000089b00000, 0x0000000089b00000| Complete 
| 124|0x0000000089c00000, 0x0000000089d00000, 0x0000000089d00000|100%| E|CS|TAMS 0x0000000089c00000, 0x0000000089c00000| Complete 
| 125|0x0000000089d00000, 0x0000000089e00000, 0x0000000089e00000|100%| E|CS|TAMS 0x0000000089d00000, 0x0000000089d00000| Complete 

Card table byte_map: [0x000002a738540000,0x000002a738930000] _byte_map_base: 0x000002a738130000

Marking Bits (Prev, Next): (CMBitMap*) 0x000002a7206bd0c8, (CMBitMap*) 0x000002a7206bd108
 Prev Bits: [0x000002a738d20000, 0x000002a73aca0000)
 Next Bits: [0x000002a73aca0000, 0x000002a73cc20000)

Polling page: 0x000002a71e5d0000

Metaspace:

Usage:
  Non-class:      4.09 MB capacity,   586.63 KB ( 14%) used,     3.52 MB ( 86%) free+waste,     1.94 KB ( <1%) overhead. 
      Class:    406.00 KB capacity,    68.52 KB ( 17%) used,   336.23 KB ( 83%) free+waste,     1.25 KB ( <1%) overhead. 
       Both:      4.49 MB capacity,   655.14 KB ( 14%) used,     3.85 MB ( 86%) free+waste,     3.19 KB ( <1%) overhead. 

Virtual space:
  Non-class space:        8.00 MB reserved,       4.25 MB ( 53%) committed 
      Class space:        1.00 GB reserved,     512.00 KB ( <1%) committed 
             Both:        1.01 GB reserved,       4.75 MB ( <1%) committed 

Chunk freelists:
   Non-Class:  32.00 KB
       Class:  0 bytes
        Both:  32.00 KB

MaxMetaspaceSize: 17179869184.00 GB
CompressedClassSpaceSize: 1.00 GB

CodeHeap 'non-profiled nmethods': size=238336Kb used=457Kb max_used=457Kb free=237878Kb
 bounds [0x000002a729560000, 0x000002a7297d0000, 0x000002a737e20000]
CodeHeap 'non-nmethods': size=7424Kb used=1183Kb max_used=1183Kb free=6240Kb
 bounds [0x000002a728e20000, 0x000002a729090000, 0x000002a729560000]
 total_blobs=706 nmethods=374 adapters=260
 compilation: enabled
              stopped_count=0, restarted_count=0
 full_count=0

Compilation events (20 events):
Event: 1.530 Thread 0x000002a73f679000  352       1       jdk.internal.jimage.ImageStringsReader::unmaskedHashCode (173 bytes)
Event: 1.532 Thread 0x000002a73f679000 nmethod 352 0x000002a7295ccd90 code [0x000002a7295ccf60, 0x000002a7295cd498]
Event: 1.532 Thread 0x000002a73f679000  353       1       java.nio.Buffer::position (55 bytes)
Event: 1.532 Thread 0x000002a73f679000 nmethod 353 0x000002a7295cd890 code [0x000002a7295cda40, 0x000002a7295cdba8]
Event: 1.533 Thread 0x000002a73f679000  354       1       java.nio.ByteBuffer::position (8 bytes)
Event: 1.533 Thread 0x000002a73f679000 nmethod 354 0x000002a7295cdc90 code [0x000002a7295cde20, 0x000002a7295cdf28]
Event: 1.534 Thread 0x000002a73f679000  355       1       java.lang.Class::getModule (5 bytes)
Event: 1.535 Thread 0x000002a73f679000 nmethod 355 0x000002a7295cdf90 code [0x000002a7295ce120, 0x000002a7295ce1f8]
Event: 1.538 Thread 0x000002a73f679000  357       1       java.lang.invoke.MethodType::ptypes (5 bytes)
Event: 1.538 Thread 0x000002a73f679000 nmethod 357 0x000002a7295ce890 code [0x000002a7295cea20, 0x000002a7295ceaf8]
Event: 1.540 Thread 0x000002a73f679000  362       1       java.lang.invoke.MethodType::checkSlotCount (33 bytes)
Event: 1.541 Thread 0x000002a73f679000 nmethod 362 0x000002a7295cfd90 code [0x000002a7295cff80, 0x000002a7295d0378]
Event: 1.541 Thread 0x000002a73f679000  365       1       java.lang.invoke.MemberName::testAllFlags (7 bytes)
Event: 1.541 Thread 0x000002a73f679000 nmethod 365 0x000002a7295d0b90 code [0x000002a7295d0d20, 0x000002a7295d0e18]
Event: 1.541 Thread 0x000002a73f679000  364       1       java.util.Arrays::copyOf (40 bytes)
Event: 1.542 Thread 0x000002a73f679000 nmethod 364 0x000002a7295d1390 code [0x000002a7295d1560, 0x000002a7295d1948]
Event: 1.542 Thread 0x000002a73f679000  368       1       java.lang.invoke.MethodHandle::type (5 bytes)
Event: 1.542 Thread 0x000002a73f679000 nmethod 368 0x000002a7295d1e10 code [0x000002a7295d1fa0, 0x000002a7295d2078]
Event: 1.542 Thread 0x000002a73f679000  374       1       jdk.internal.org.objectweb.asm.SymbolTable$Entry::<init> (17 bytes)
Event: 1.543 Thread 0x000002a73f679000 nmethod 374 0x000002a7295d2410 code [0x000002a7295d25a0, 0x000002a7295d26e8]

GC Heap History (0 events):
No events

Deoptimization events (0 events):
No events

Classes unloaded (0 events):
No events

Classes redefined (0 events):
No events

Internal exceptions (0 events):
No events

Events (20 events):
Event: 1.499 loading class jdk/internal/logger/LazyLoggers$1 done
Event: 1.499 loading class jdk/internal/logger/LazyLoggers$LazyLoggerFactories
Event: 1.499 loading class jdk/internal/logger/LazyLoggers$LazyLoggerFactories done
Event: 1.525 Loaded shared library C:\Program Files\Java\jdk-14.0.2\bin\jimage.dll
Event: 1.535 loading class jdk/internal/logger/LazyLoggers$JdkLazyLogger
Event: 1.535 loading class jdk/internal/logger/LazyLoggers$LazyLoggerWrapper
Event: 1.535 loading class jdk/internal/logger/AbstractLoggerWrapper
Event: 1.536 loading class jdk/internal/logger/AbstractLoggerWrapper done
Event: 1.536 loading class jdk/internal/logger/LazyLoggers$LazyLoggerWrapper done
Event: 1.536 loading class jdk/internal/logger/LazyLoggers$JdkLazyLogger done
Event: 1.536 loading class jdk/internal/logger/LazyLoggers$LazyLoggerAccessor
Event: 1.536 loading class jdk/internal/logger/LazyLoggers$LoggerAccessor
Event: 1.536 loading class jdk/internal/logger/LazyLoggers$LoggerAccessor done
Event: 1.536 loading class jdk/internal/logger/LazyLoggers$LazyLoggerAccessor done
Event: 1.536 loading class sun/management/jmxremote/ConnectorBootstrap$PermanentExporter
Event: 1.537 loading class com/sun/jmx/remote/internal/rmi/RMIExporter
Event: 1.537 loading class com/sun/jmx/remote/internal/rmi/RMIExporter done
Event: 1.537 loading class sun/management/jmxremote/ConnectorBootstrap$PermanentExporter done
Event: 1.541 loading class java/lang/invoke/BoundMethodHandle$Species_LL
Event: 1.541 loading class java/lang/invoke/BoundMethodHandle$Species_LL done


Dynamic libraries:
0x00007ff745c00000 - 0x00007ff745c0f000 	C:\Program Files\Java\jdk-14.0.2\bin\java.exe
0x00007ffc812f0000 - 0x00007ffc814e5000 	C:\Windows\SYSTEM32\ntdll.dll
0x00007ffc806e0000 - 0x00007ffc8079d000 	C:\Windows\System32\KERNEL32.DLL
0x00007ffc7ebd0000 - 0x00007ffc7ee98000 	C:\Windows\System32\KERNELBASE.dll
0x00007ffc7ea30000 - 0x00007ffc7eb30000 	C:\Windows\System32\ucrtbase.dll
0x00007ffc76260000 - 0x00007ffc76275000 	C:\Program Files\Java\jdk-14.0.2\bin\VCRUNTIME140.dll
0x00007ffc6d7f0000 - 0x00007ffc6d808000 	C:\Program Files\Java\jdk-14.0.2\bin\jli.dll
0x00007ffc7f9d0000 - 0x00007ffc7fa7c000 	C:\Windows\System32\ADVAPI32.dll
0x00007ffc80c10000 - 0x00007ffc80cae000 	C:\Windows\System32\msvcrt.dll
0x00007ffc7f350000 - 0x00007ffc7f3eb000 	C:\Windows\System32\sechost.dll
0x00007ffc7fac0000 - 0x00007ffc7fbeb000 	C:\Windows\System32\RPCRT4.dll
0x00007ffc80960000 - 0x00007ffc80b00000 	C:\Windows\System32\USER32.dll
0x00007ffc7efe0000 - 0x00007ffc7f002000 	C:\Windows\System32\win32u.dll
0x00007ffc6e6d0000 - 0x00007ffc6e96a000 	C:\Windows\WinSxS\amd64_microsoft.windows.common-controls_6595b64144ccf1df_6.0.19041.844_none_ca00b6081b84eb1d\COMCTL32.dll
0x00007ffc7f520000 - 0x00007ffc7f54a000 	C:\Windows\System32\GDI32.dll
0x00007ffc7eea0000 - 0x00007ffc7efab000 	C:\Windows\System32\gdi32full.dll
0x00007ffc7eb30000 - 0x00007ffc7ebcd000 	C:\Windows\System32\msvcp_win.dll
0x00007ffc76980000 - 0x00007ffc7698a000 	C:\Windows\SYSTEM32\VERSION.dll
0x00007ffc7fa90000 - 0x00007ffc7fac0000 	C:\Windows\System32\IMM32.DLL
0x00007ffc5f200000 - 0x00007ffc5f29b000 	C:\Program Files\Java\jdk-14.0.2\bin\msvcp140.dll
0x00007ffc378b0000 - 0x00007ffc383ce000 	C:\Program Files\Java\jdk-14.0.2\bin\server\jvm.dll
0x00007ffc807a0000 - 0x00007ffc807a8000 	C:\Windows\System32\PSAPI.DLL
0x00007ffc62420000 - 0x00007ffc62447000 	C:\Windows\SYSTEM32\WINMM.dll
0x00007ffc667c0000 - 0x00007ffc667c9000 	C:\Windows\SYSTEM32\WSOCK32.dll
0x00007ffc80670000 - 0x00007ffc806db000 	C:\Windows\System32\WS2_32.dll
0x00007ffc7ca00000 - 0x00007ffc7ca12000 	C:\Windows\SYSTEM32\kernel.appcore.dll
0x00007ffc764c0000 - 0x00007ffc764ca000 	C:\Program Files\Java\jdk-14.0.2\bin\jimage.dll
0x00007ffc7c2b0000 - 0x00007ffc7c494000 	C:\Windows\SYSTEM32\DBGHELP.DLL
0x00007ffc70250000 - 0x00007ffc7027c000 	C:\Windows\SYSTEM32\dbgcore.DLL
0x00007ffc7f010000 - 0x00007ffc7f090000 	C:\Windows\System32\bcryptPrimitives.dll
0x00007ffc6a9f0000 - 0x00007ffc6aa28000 	C:\Program Files\Java\jdk-14.0.2\bin\jdwp.dll
0x00007ffc63700000 - 0x00007ffc63725000 	C:\Program Files\Java\jdk-14.0.2\bin\java.dll
0x00007ffc75ea0000 - 0x00007ffc75eae000 	C:\Program Files\Java\jdk-14.0.2\bin\instrument.dll
0x00007ffc6ac20000 - 0x00007ffc6ac36000 	C:\Program Files\Java\jdk-14.0.2\bin\zip.dll
0x00007ffc7fbf0000 - 0x00007ffc80332000 	C:\Windows\System32\SHELL32.dll
0x00007ffc7cb70000 - 0x00007ffc7d301000 	C:\Windows\SYSTEM32\windows.storage.dll
0x00007ffc7f670000 - 0x00007ffc7f9c5000 	C:\Windows\System32\combase.dll
0x00007ffc7e4a0000 - 0x00007ffc7e4cc000 	C:\Windows\SYSTEM32\Wldp.dll
0x00007ffc80b60000 - 0x00007ffc80c0e000 	C:\Windows\System32\SHCORE.dll
0x00007ffc80400000 - 0x00007ffc80455000 	C:\Windows\System32\shlwapi.dll
0x00007ffc7e970000 - 0x00007ffc7e98f000 	C:\Windows\SYSTEM32\profapi.dll
0x00007ffc74650000 - 0x00007ffc7465b000 	C:\Program Files\Java\jdk-14.0.2\bin\dt_socket.dll
0x00007ffc7deb0000 - 0x00007ffc7deeb000 	C:\Windows\SYSTEM32\IPHLPAPI.DLL
0x00007ffc7e210000 - 0x00007ffc7e27a000 	C:\Windows\system32\mswsock.dll
0x00007ffc6aa30000 - 0x00007ffc6aa49000 	C:\Program Files\Java\jdk-14.0.2\bin\net.dll
0x00007ffc70020000 - 0x00007ffc7012b000 	C:\Windows\SYSTEM32\WINHTTP.dll
0x00007ffc67950000 - 0x00007ffc67962000 	C:\Program Files\Java\jdk-14.0.2\bin\nio.dll

dbghelp: loaded successfully - version: 4.0.5 - missing functions: none
symbol engine: initialized successfully - sym options: 0x614 - pdb path: .;C:\Program Files\Java\jdk-14.0.2\bin;C:\Windows\SYSTEM32;C:\Windows\WinSxS\amd64_microsoft.windows.common-controls_6595b64144ccf1df_6.0.19041.844_none_ca00b6081b84eb1d;C:\Program Files\Java\jdk-14.0.2\bin\server

VM Arguments:
jvm_args: -agentlib:jdwp=transport=dt_socket,address=127.0.0.1:51367,suspend=y,server=n -XX:TieredStopAtLevel=1 -Xverify:none -Dspring.output.ansi.enabled=always -Dcom.sun.management.jmxremote -Dspring.jmx.enabled=true -Dspring.liveBeansView.mbeanDomain -Dspring.application.admin.enabled=true -javaagent:C:\Users\Azat\AppData\Local\JetBrains\IntelliJIdea2020.1\captureAgent\debugger-agent.jar -Dfile.encoding=UTF-8 
java_command: kz.special3.specialSecurity3.SpecialSecurity3Application
java_class_path (initial): C:\Users\Azat\IdeaProjects\specialSecurity3\specialSecurity3\target\classes;C:\Users\Azat\.m2\repository\org\springframework\boot\spring-boot-starter-data-jpa\2.4.3\spring-boot-starter-data-jpa-2.4.3.jar;C:\Users\Azat\.m2\repository\org\springframework\boot\spring-boot-starter-aop\2.4.3\spring-boot-starter-aop-2.4.3.jar;C:\Users\Azat\.m2\repository\org\aspectj\aspectjweaver\1.9.6\aspectjweaver-1.9.6.jar;C:\Users\Azat\.m2\repository\org\springframework\boot\spring-boot-starter-jdbc\2.4.3\spring-boot-starter-jdbc-2.4.3.jar;C:\Users\Azat\.m2\repository\com\zaxxer\HikariCP\3.4.5\HikariCP-3.4.5.jar;C:\Users\Azat\.m2\repository\org\springframework\spring-jdbc\5.3.4\spring-jdbc-5.3.4.jar;C:\Users\Azat\.m2\repository\jakarta\transaction\jakarta.transaction-api\1.3.3\jakarta.transaction-api-1.3.3.jar;C:\Users\Azat\.m2\repository\jakarta\persistence\jakarta.persistence-api\2.2.3\jakarta.persistence-api-2.2.3.jar;C:\Users\Azat\.m2\repository\org\hibernate\hibernate-core\5.4.28.Final\hibernate-core-5.4.28.Final.jar;C:\Users\Azat\.m2\repository\org\jboss\logging\jboss-logging\3.4.1.Final\jboss-logging-3.4.1.Final.jar;C:\Users\Azat\.m2\repository\org\javassist\javassist\3.27.0-GA\javassist-3.27.0-GA.jar;C:\Users\Azat\.m2\repository\net\bytebuddy\byte-buddy\1.10.20\byte-buddy-1.10.20.jar;C:\Users\Azat\.m2\repository\antlr\antlr\2.7.7\antlr-2.7.7.jar;C:\Users\Azat\.m2\repository\org\jboss\jandex\2.2.3.Final\jandex-2.2.3.Final.jar;C:\Users\Azat\.m2\repository\com\fasterxml\classmate\1.5.1\classmate-1.5.1.jar;C:\Users\Azat\.m2\repository\org\dom4j\dom4j\2.1.3\dom4j-2.1.3.jar;C:\Users\Azat\.m2\repository\org\hibernate\common\hibernate-commons-annotations\5.1.2.Final\hibernate-commons-annotations-5.1.2.Final.jar;C:\Users\Azat\.m2\repository\org\glassfish\jaxb\jaxb-runtime\2.3.3\jaxb-runtime-2.3.3.jar;C:\Users\Azat\.m2\repository\org\glassfish\jaxb\txw2\2.3.3\txw2-2.3.3.jar;C:\Users\Azat\.m2\repository\com\sun\istack\istack-commons-runtime\3.0.11\istack-comm
Launcher Type: SUN_STANDARD

[Global flags]
     intx CICompilerCount                          = 4                                         {product} {ergonomic}
     uint ConcGCThreads                            = 2                                         {product} {ergonomic}
     uint G1ConcRefinementThreads                  = 8                                         {product} {ergonomic}
   size_t G1HeapRegionSize                         = 1048576                                   {product} {ergonomic}
    uintx GCDrainStackTargetSize                   = 64                                        {product} {ergonomic}
   size_t InitialHeapSize                          = 132120576                                 {product} {ergonomic}
     bool ManagementServer                         = true                                      {product} {command line}
   size_t MarkStackSize                            = 4194304                                   {product} {ergonomic}
   size_t MaxHeapSize                              = 2113929216                                {product} {ergonomic}
   size_t MaxNewSize                               = 1267728384                                {product} {ergonomic}
   size_t MinHeapDeltaBytes                        = 1048576                                   {product} {ergonomic}
   size_t MinHeapSize                              = 8388608                                   {product} {ergonomic}
    uintx NonNMethodCodeHeapSize                   = 7549744                                {pd product} {ergonomic}
    uintx NonProfiledCodeHeapSize                  = 244108496                              {pd product} {ergonomic}
    uintx ProfiledCodeHeapSize                     = 0                                      {pd product} {ergonomic}
    uintx ReservedCodeCacheSize                    = 251658240                              {pd product} {ergonomic}
     bool SegmentedCodeCache                       = true                                      {product} {ergonomic}
   size_t SoftMaxHeapSize                          = 2113929216                             {manageable} {ergonomic}
     intx TieredStopAtLevel                        = 1                                         {product} {command line}
     bool UseCompressedClassPointers               = true                                 {lp64_product} {ergonomic}
     bool UseCompressedOops                        = true                                 {lp64_product} {ergonomic}
     bool UseG1GC                                  = true                                      {product} {ergonomic}
     bool UseLargePagesIndividualAllocation        = false                                  {pd product} {ergonomic}

Logging:
Log output configuration:
 #0: stdout all=warning uptime,level,tags
 #1: stderr all=off uptime,level,tags

Environment Variables:
PATH=C:\Windows\system32;C:\Windows;C:\Windows\System32\Wbem;C:\Windows\System32\WindowsPowerShell\v1.0\;C:\Windows\System32\OpenSSH\;C:\Program Files (x86)\NVIDIA Corporation\PhysX\Common;C:\Program Files\NVIDIA Corporation\NVIDIA NvDLISR;C:\Admin\runtime\win64;C:\Admin\bin;C:\Admin\polyspace\bin;C:\Program Files\nodejs\;C:\Program Files\Git\cmd;C:\Users\Azat\AppData\Local\Microsoft\WindowsApps;C:\Users\Azat\AppData\Local\Programs\Microsoft VS Code\bin;C:\Users\Azat\AppData\Roaming\npm;C:\ProgramData\Azat\GitHubDesktop\bin;C:\Users\Azat\AppData\Local\GitHubDesktop\bin
USERNAME=Azat
OS=Windows_NT
PROCESSOR_IDENTIFIER=Intel64 Family 6 Model 165 Stepping 2, GenuineIntel



---------------  S Y S T E M  ---------------

OS: Windows 10 , 64 bit Build 19041 (10.0.19041.928)
OS uptime: 1 days 1:49 hours

CPU:total 8 (initial active 8) (4 cores per cpu, 2 threads per core) family 6 model 165 stepping 2, cmov, cx8, fxsr, mmx, sse, sse2, sse3, ssse3, sse4.1, sse4.2, popcnt, avx, avx2, aes, clmul, erms, 3dnowpref, lzcnt, ht, tsc, tscinvbit, bmi1, bmi2, adx, fma

Memory: 4k page, system-wide physical 8060M (655M free)
TotalPageFile size 12156M (AvailPageFile size 2M)
current process WorkingSet (physical memory assigned to process): 39M, peak: 39M
current process commit charge ("private bytes"): 213M, peak: 213M

vm_info: Java HotSpot(TM) 64-Bit Server VM (14.0.2+12-46) for windows-amd64 JRE (14.0.2+12-46), built on Jul  9 2020 00:35:52 by "mach5one" with MS VC++ 15.9 (VS2017)

END.
