#
# There is insufficient memory for the Java Runtime Environment to continue.
# Native memory allocation (mmap) failed to map 132120576 bytes for Failed to commit area from 0x0000000082000000 to 0x0000000089e00000 of length 132120576.
# Possible reasons:
#   The system is out of physical RAM or swap space
#   The process is running with CompressedOops enabled, and the Java Heap may be blocking the growth of the native heap
# Possible solutions:
#   Reduce memory load on the system
#   Increase physical memory or swap space
#   Check if swap backing store is full
#   Decrease Java heap size (-Xmx/-Xms)
#   Decrease number of Java threads
#   Decrease Java thread stack sizes (-Xss)
#   Set larger code cache with -XX:ReservedCodeCacheSize=
#   JVM is running with Unscaled Compressed Oops mode in which the Java heap is
#     placed in the first 4GB address space. The Java Heap base address is the
#     maximum limit for the native heap growth. Please use -XX:HeapBaseMinAddress
#     to set the Java Heap base and to place the Java Heap above 4GB virtual address.
# This output file may be truncated or incomplete.
#
#  Out of Memory Error (./open/src/hotspot/os/windows/os_windows.cpp:3315), pid=16236, tid=2732
#
# JRE version:  (14.0.2+12) (build )
# Java VM: Java HotSpot(TM) 64-Bit Server VM (14.0.2+12-46, mixed mode, sharing, tiered, compressed oops, g1 gc, windows-amd64)
# No core dump will be written. Minidumps are not enabled by default on client versions of Windows
#

---------------  S U M M A R Y ------------

Command Line: -agentlib:jdwp=transport=dt_socket,address=127.0.0.1:51493,suspend=y,server=n -XX:TieredStopAtLevel=1 -Xverify:none -Dspring.output.ansi.enabled=always -Dcom.sun.management.jmxremote -Dspring.jmx.enabled=true -Dspring.liveBeansView.mbeanDomain -Dspring.application.admin.enabled=true -javaagent:C:\Users\Azat\AppData\Local\JetBrains\IntelliJIdea2020.1\captureAgent\debugger-agent.jar -Dfile.encoding=UTF-8 kz.special3.specialSecurity3.SpecialSecurity3Application

Host: Intel(R) Core(TM) i5-10300H CPU @ 2.50GHz, 8 cores, 7G,  Windows 10 , 64 bit Build 19041 (10.0.19041.928)
Time: Wed May 12 01:04:53 2021 RTZ 2 (зима) elapsed time: 0 seconds (0d 0h 0m 0s)

---------------  T H R E A D  ---------------

Current thread (0x000001e4a0c2a000):  JavaThread "Unknown thread" [_thread_in_vm, id=2732, stack(0x000000aea3900000,0x000000aea3a00000)]

Stack: [0x000000aea3900000,0x000000aea3a00000]
Native frames: (J=compiled Java code, j=interpreted, Vv=VM code, C=native code)
V  [jvm.dll+0x5f8a9a]
V  [jvm.dll+0x74247a]
V  [jvm.dll+0x743c2f]
V  [jvm.dll+0x744273]
V  [jvm.dll+0x20d288]
V  [jvm.dll+0x5f5dea]
V  [jvm.dll+0x5eac45]
V  [jvm.dll+0x2c7e9c]
V  [jvm.dll+0x2c7cd2]
V  [jvm.dll+0x2cdbbc]
V  [jvm.dll+0x313fe8]
V  [jvm.dll+0x313710]
V  [jvm.dll+0x2a092a]
V  [jvm.dll+0x2a1a79]
V  [jvm.dll+0x71fd48]
V  [jvm.dll+0x321c14]
V  [jvm.dll+0x70112c]
V  [jvm.dll+0x392def]
V  [jvm.dll+0x394e61]
C  [jli.dll+0x524b]
C  [ucrtbase.dll+0x21bb2]
C  [KERNEL32.DLL+0x17034]
C  [ntdll.dll+0x52651]


---------------  P R O C E S S  ---------------

Threads class SMR info:
_java_thread_list=0x00007ffc38333038, length=0, elements={
}

Java Threads: ( => current thread )

Other Threads:
  0x000001e4a0c6b000 GCTaskThread "GC Thread#0" [stack: 0x000000aea3a00000,0x000000aea3b00000] [id=15056]
  0x000001e4a0c7d800 ConcurrentGCThread "G1 Main Marker" [stack: 0x000000aea3b00000,0x000000aea3c00000] [id=18492]
  0x000001e4a0c7f800 ConcurrentGCThread "G1 Conc#0" [stack: 0x000000aea3c00000,0x000000aea3d00000] [id=18932]

[error occurred during error reporting (printing all threads), id 0xc0000005, EXCEPTION_ACCESS_VIOLATION (0xc0000005) at pc=0x00007ffc37b61257]

VM state:not at safepoint (not fully initialized)

VM Mutex/Monitor currently owned by a thread:  ([mutex/lock_event])
[0x000001e4a0c24270] Heap_lock - owner thread: 0x000001e4a0c2a000

Heap address: 0x0000000082000000, size: 2016 MB, Compressed Oops mode: 32-bit
Narrow klass base: 0x0000000000000000, Narrow klass shift: 0

GC Heap History (0 events):
No events

Deoptimization events (0 events):
No events

Classes unloaded (0 events):
No events

Classes redefined (0 events):
No events

Internal exceptions (0 events):
No events

Events (2 events):
Event: 0.021 Loaded shared library C:\Program Files\Java\jdk-14.0.2\bin\java.dll
Event: 0.023 Loaded shared library C:\Program Files\Java\jdk-14.0.2\bin\zip.dll


Dynamic libraries:
0x00007ff745c00000 - 0x00007ff745c0f000 	C:\Program Files\Java\jdk-14.0.2\bin\java.exe
0x00007ffc812f0000 - 0x00007ffc814e5000 	C:\Windows\SYSTEM32\ntdll.dll
0x00007ffc806e0000 - 0x00007ffc8079d000 	C:\Windows\System32\KERNEL32.DLL
0x00007ffc7ebd0000 - 0x00007ffc7ee98000 	C:\Windows\System32\KERNELBASE.dll
0x00007ffc7ea30000 - 0x00007ffc7eb30000 	C:\Windows\System32\ucrtbase.dll
0x00007ffc6d7f0000 - 0x00007ffc6d808000 	C:\Program Files\Java\jdk-14.0.2\bin\jli.dll
0x00007ffc76260000 - 0x00007ffc76275000 	C:\Program Files\Java\jdk-14.0.2\bin\VCRUNTIME140.dll
0x00007ffc7f9d0000 - 0x00007ffc7fa7c000 	C:\Windows\System32\ADVAPI32.dll
0x00007ffc80c10000 - 0x00007ffc80cae000 	C:\Windows\System32\msvcrt.dll
0x00007ffc7f350000 - 0x00007ffc7f3eb000 	C:\Windows\System32\sechost.dll
0x00007ffc7fac0000 - 0x00007ffc7fbeb000 	C:\Windows\System32\RPCRT4.dll
0x00007ffc80960000 - 0x00007ffc80b00000 	C:\Windows\System32\USER32.dll
0x00007ffc6e6d0000 - 0x00007ffc6e96a000 	C:\Windows\WinSxS\amd64_microsoft.windows.common-controls_6595b64144ccf1df_6.0.19041.844_none_ca00b6081b84eb1d\COMCTL32.dll
0x00007ffc7efe0000 - 0x00007ffc7f002000 	C:\Windows\System32\win32u.dll
0x00007ffc7f520000 - 0x00007ffc7f54a000 	C:\Windows\System32\GDI32.dll
0x00007ffc7eea0000 - 0x00007ffc7efab000 	C:\Windows\System32\gdi32full.dll
0x00007ffc7eb30000 - 0x00007ffc7ebcd000 	C:\Windows\System32\msvcp_win.dll
0x00007ffc76980000 - 0x00007ffc7698a000 	C:\Windows\SYSTEM32\VERSION.dll
0x00007ffc7fa90000 - 0x00007ffc7fac0000 	C:\Windows\System32\IMM32.DLL
0x00007ffc5f200000 - 0x00007ffc5f29b000 	C:\Program Files\Java\jdk-14.0.2\bin\msvcp140.dll
0x00007ffc378b0000 - 0x00007ffc383ce000 	C:\Program Files\Java\jdk-14.0.2\bin\server\jvm.dll
0x00007ffc807a0000 - 0x00007ffc807a8000 	C:\Windows\System32\PSAPI.DLL
0x00007ffc667c0000 - 0x00007ffc667c9000 	C:\Windows\SYSTEM32\WSOCK32.dll
0x00007ffc62420000 - 0x00007ffc62447000 	C:\Windows\SYSTEM32\WINMM.dll
0x00007ffc80670000 - 0x00007ffc806db000 	C:\Windows\System32\WS2_32.dll
0x00007ffc7ca00000 - 0x00007ffc7ca12000 	C:\Windows\SYSTEM32\kernel.appcore.dll
0x00007ffc764c0000 - 0x00007ffc764ca000 	C:\Program Files\Java\jdk-14.0.2\bin\jimage.dll
0x00007ffc7c2b0000 - 0x00007ffc7c494000 	C:\Windows\SYSTEM32\DBGHELP.DLL
0x00007ffc70250000 - 0x00007ffc7027c000 	C:\Windows\SYSTEM32\dbgcore.DLL
0x00007ffc7f010000 - 0x00007ffc7f090000 	C:\Windows\System32\bcryptPrimitives.dll
0x00007ffc634b0000 - 0x00007ffc634e8000 	C:\Program Files\Java\jdk-14.0.2\bin\jdwp.dll
0x00007ffc63700000 - 0x00007ffc63725000 	C:\Program Files\Java\jdk-14.0.2\bin\java.dll
0x00007ffc67430000 - 0x00007ffc6743e000 	C:\Program Files\Java\jdk-14.0.2\bin\instrument.dll
0x00007ffc6ac20000 - 0x00007ffc6ac36000 	C:\Program Files\Java\jdk-14.0.2\bin\zip.dll

dbghelp: loaded successfully - version: 4.0.5 - missing functions: none
symbol engine: initialized successfully - sym options: 0x614 - pdb path: .;C:\Program Files\Java\jdk-14.0.2\bin;C:\Windows\SYSTEM32;C:\Windows\WinSxS\amd64_microsoft.windows.common-controls_6595b64144ccf1df_6.0.19041.844_none_ca00b6081b84eb1d;C:\Program Files\Java\jdk-14.0.2\bin\server

VM Arguments:
jvm_args: -agentlib:jdwp=transport=dt_socket,address=127.0.0.1:51493,suspend=y,server=n -XX:TieredStopAtLevel=1 -Xverify:none -Dspring.output.ansi.enabled=always -Dcom.sun.management.jmxremote -Dspring.jmx.enabled=true -Dspring.liveBeansView.mbeanDomain -Dspring.application.admin.enabled=true -javaagent:C:\Users\Azat\AppData\Local\JetBrains\IntelliJIdea2020.1\captureAgent\debugger-agent.jar -Dfile.encoding=UTF-8 
java_command: kz.special3.specialSecurity3.SpecialSecurity3Application
java_class_path (initial): C:\Users\Azat\IdeaProjects\specialSecurity3\specialSecurity3\target\classes;C:\Users\Azat\.m2\repository\org\springframework\boot\spring-boot-starter-data-jpa\2.4.3\spring-boot-starter-data-jpa-2.4.3.jar;C:\Users\Azat\.m2\repository\org\springframework\boot\spring-boot-starter-aop\2.4.3\spring-boot-starter-aop-2.4.3.jar;C:\Users\Azat\.m2\repository\org\aspectj\aspectjweaver\1.9.6\aspectjweaver-1.9.6.jar;C:\Users\Azat\.m2\repository\org\springframework\boot\spring-boot-starter-jdbc\2.4.3\spring-boot-starter-jdbc-2.4.3.jar;C:\Users\Azat\.m2\repository\com\zaxxer\HikariCP\3.4.5\HikariCP-3.4.5.jar;C:\Users\Azat\.m2\repository\org\springframework\spring-jdbc\5.3.4\spring-jdbc-5.3.4.jar;C:\Users\Azat\.m2\repository\jakarta\transaction\jakarta.transaction-api\1.3.3\jakarta.transaction-api-1.3.3.jar;C:\Users\Azat\.m2\repository\jakarta\persistence\jakarta.persistence-api\2.2.3\jakarta.persistence-api-2.2.3.jar;C:\Users\Azat\.m2\repository\org\hibernate\hibernate-core\5.4.28.Final\hibernate-core-5.4.28.Final.jar;C:\Users\Azat\.m2\repository\org\jboss\logging\jboss-logging\3.4.1.Final\jboss-logging-3.4.1.Final.jar;C:\Users\Azat\.m2\repository\org\javassist\javassist\3.27.0-GA\javassist-3.27.0-GA.jar;C:\Users\Azat\.m2\repository\net\bytebuddy\byte-buddy\1.10.20\byte-buddy-1.10.20.jar;C:\Users\Azat\.m2\repository\antlr\antlr\2.7.7\antlr-2.7.7.jar;C:\Users\Azat\.m2\repository\org\jboss\jandex\2.2.3.Final\jandex-2.2.3.Final.jar;C:\Users\Azat\.m2\repository\com\fasterxml\classmate\1.5.1\classmate-1.5.1.jar;C:\Users\Azat\.m2\repository\org\dom4j\dom4j\2.1.3\dom4j-2.1.3.jar;C:\Users\Azat\.m2\repository\org\hibernate\common\hibernate-commons-annotations\5.1.2.Final\hibernate-commons-annotations-5.1.2.Final.jar;C:\Users\Azat\.m2\repository\org\glassfish\jaxb\jaxb-runtime\2.3.3\jaxb-runtime-2.3.3.jar;C:\Users\Azat\.m2\repository\org\glassfish\jaxb\txw2\2.3.3\txw2-2.3.3.jar;C:\Users\Azat\.m2\repository\com\sun\istack\istack-commons-runtime\3.0.11\istack-comm
Launcher Type: SUN_STANDARD

[Global flags]
     intx CICompilerCount                          = 4                                         {product} {ergonomic}
     uint ConcGCThreads                            = 2                                         {product} {ergonomic}
     uint G1ConcRefinementThreads                  = 8                                         {product} {ergonomic}
   size_t G1HeapRegionSize                         = 1048576                                   {product} {ergonomic}
    uintx GCDrainStackTargetSize                   = 64                                        {product} {ergonomic}
   size_t InitialHeapSize                          = 132120576                                 {product} {ergonomic}
     bool ManagementServer                         = true                                      {product} {command line}
   size_t MarkStackSize                            = 4194304                                   {product} {ergonomic}
   size_t MaxHeapSize                              = 2113929216                                {product} {ergonomic}
   size_t MinHeapDeltaBytes                        = 1048576                                   {product} {ergonomic}
   size_t MinHeapSize                              = 8388608                                   {product} {ergonomic}
    uintx NonNMethodCodeHeapSize                   = 7549744                                {pd product} {ergonomic}
    uintx NonProfiledCodeHeapSize                  = 244108496                              {pd product} {ergonomic}
    uintx ProfiledCodeHeapSize                     = 0                                      {pd product} {ergonomic}
    uintx ReservedCodeCacheSize                    = 251658240                              {pd product} {ergonomic}
     bool SegmentedCodeCache                       = true                                      {product} {ergonomic}
   size_t SoftMaxHeapSize                          = 2113929216                             {manageable} {ergonomic}
     intx TieredStopAtLevel                        = 1                                         {product} {command line}
     bool UseCompressedClassPointers               = true                                 {lp64_product} {ergonomic}
     bool UseCompressedOops                        = true                                 {lp64_product} {ergonomic}
     bool UseG1GC                                  = true                                      {product} {ergonomic}
     bool UseLargePagesIndividualAllocation        = false                                  {pd product} {ergonomic}

Logging:
Log output configuration:
 #0: stdout all=warning uptime,level,tags
 #1: stderr all=off uptime,level,tags

Environment Variables:
PATH=C:\Windows\system32;C:\Windows;C:\Windows\System32\Wbem;C:\Windows\System32\WindowsPowerShell\v1.0\;C:\Windows\System32\OpenSSH\;C:\Program Files (x86)\NVIDIA Corporation\PhysX\Common;C:\Program Files\NVIDIA Corporation\NVIDIA NvDLISR;C:\Admin\runtime\win64;C:\Admin\bin;C:\Admin\polyspace\bin;C:\Program Files\nodejs\;C:\Program Files\Git\cmd;C:\Users\Azat\AppData\Local\Microsoft\WindowsApps;C:\Users\Azat\AppData\Local\Programs\Microsoft VS Code\bin;C:\Users\Azat\AppData\Roaming\npm;C:\ProgramData\Azat\GitHubDesktop\bin;C:\Users\Azat\AppData\Local\GitHubDesktop\bin
USERNAME=Azat
OS=Windows_NT
PROCESSOR_IDENTIFIER=Intel64 Family 6 Model 165 Stepping 2, GenuineIntel



---------------  S Y S T E M  ---------------

OS: Windows 10 , 64 bit Build 19041 (10.0.19041.928)
OS uptime: 1 days 1:51 hours

CPU:total 8 (initial active 8) (4 cores per cpu, 2 threads per core) family 6 model 165 stepping 2, cmov, cx8, fxsr, mmx, sse, sse2, sse3, ssse3, sse4.1, sse4.2, popcnt, avx, avx2, aes, clmul, erms, 3dnowpref, lzcnt, ht, tsc, tscinvbit, bmi1, bmi2, adx, fma

Memory: 4k page, system-wide physical 8060M (661M free)
TotalPageFile size 12156M (AvailPageFile size 120M)
current process WorkingSet (physical memory assigned to process): 10M, peak: 10M
current process commit charge ("private bytes"): 57M, peak: 183M

vm_info: Java HotSpot(TM) 64-Bit Server VM (14.0.2+12-46) for windows-amd64 JRE (14.0.2+12-46), built on Jul  9 2020 00:35:52 by "mach5one" with MS VC++ 15.9 (VS2017)

END.
